d:\leo's file\crypt_gui\crypt_gui_sol\crypt_gui\x64\release\vc142.pdb
d:\leo's file\crypt_gui\crypt_gui_sol\crypt_gui\x64\release\.netframework,version=v4.7.2.assemblyattributes.obj
d:\leo's file\crypt_gui\crypt_gui_sol\crypt_gui\x64\release\vcs.obj
d:\leo's file\crypt_gui\crypt_gui_sol\crypt_gui\x64\release\pfcip.obj
d:\leo's file\crypt_gui\crypt_gui_sol\crypt_gui\x64\release\myform.obj
d:\leo's file\crypt_gui\crypt_gui_sol\crypt_gui\x64\release\hexreader.obj
d:\leo's file\crypt_gui\crypt_gui_sol\crypt_gui\x64\release\hcip.obj
d:\leo's file\crypt_gui\crypt_gui_sol\crypt_gui\x64\release\fvc.obj
d:\leo's file\crypt_gui\crypt_gui_sol\crypt_gui\x64\release\evc.obj
d:\leo's file\crypt_gui\crypt_gui_sol\crypt_gui\x64\release\ecip.obj
d:\leo's file\crypt_gui\crypt_gui_sol\crypt_gui\x64\release\backend.obj
d:\leo's file\crypt_gui\crypt_gui_sol\crypt_gui\x64\release\avc.obj
d:\leo's file\crypt_gui\crypt_gui_sol\crypt_gui\x64\release\afc.obj
d:\leo's file\crypt_gui\crypt_gui_sol\crypt_gui\x64\release\cryptgui.myform.resources
d:\leo's file\crypt_gui\crypt_gui_sol\x64\release\crypt_gui.exe
d:\leo's file\crypt_gui\crypt_gui_sol\x64\release\crypt_gui.pdb
d:\leo's file\crypt_gui\crypt_gui_sol\crypt_gui\x64\release\crypt_gui.tlog\cl.command.1.tlog
d:\leo's file\crypt_gui\crypt_gui_sol\crypt_gui\x64\release\crypt_gui.tlog\cl.read.1.tlog
d:\leo's file\crypt_gui\crypt_gui_sol\crypt_gui\x64\release\crypt_gui.tlog\cl.write.1.tlog
d:\leo's file\crypt_gui\crypt_gui_sol\crypt_gui\x64\release\crypt_gui.tlog\crypt_gui.write.1u.tlog
d:\leo's file\crypt_gui\crypt_gui_sol\crypt_gui\x64\release\crypt_gui.tlog\link.command.1.tlog
d:\leo's file\crypt_gui\crypt_gui_sol\crypt_gui\x64\release\crypt_gui.tlog\link.read.1.tlog
d:\leo's file\crypt_gui\crypt_gui_sol\crypt_gui\x64\release\crypt_gui.tlog\link.write.1.tlog
d:\leo's file\crypt_gui\crypt_gui_sol\crypt_gui\x64\release\crypt_gui.tlog\metagen.read.1.tlog
d:\leo's file\crypt_gui\crypt_gui_sol\crypt_gui\x64\release\crypt_gui.tlog\metagen.write.1.tlog
