d:\leo's file\crypt_gui\crypt_gui_sol\crypt_gui\debug\vc142.pdb
d:\leo's file\crypt_gui\crypt_gui_sol\crypt_gui\debug\.netframework,version=v4.7.2.assemblyattributes.obj
d:\leo's file\crypt_gui\crypt_gui_sol\crypt_gui\debug\vcs.obj
d:\leo's file\crypt_gui\crypt_gui_sol\crypt_gui\debug\pfcip.obj
d:\leo's file\crypt_gui\crypt_gui_sol\crypt_gui\debug\myform.obj
d:\leo's file\crypt_gui\crypt_gui_sol\crypt_gui\debug\hexreader.obj
d:\leo's file\crypt_gui\crypt_gui_sol\crypt_gui\debug\hcip.obj
d:\leo's file\crypt_gui\crypt_gui_sol\crypt_gui\debug\fvc.obj
d:\leo's file\crypt_gui\crypt_gui_sol\crypt_gui\debug\evc.obj
d:\leo's file\crypt_gui\crypt_gui_sol\crypt_gui\debug\ecip.obj
d:\leo's file\crypt_gui\crypt_gui_sol\crypt_gui\debug\backend.obj
d:\leo's file\crypt_gui\crypt_gui_sol\crypt_gui\debug\avc.obj
d:\leo's file\crypt_gui\crypt_gui_sol\crypt_gui\debug\afc.obj
d:\leo's file\crypt_gui\crypt_gui_sol\crypt_gui\debug\cryptgui.myform.resources
d:\leo's file\crypt_gui\crypt_gui_sol\debug\crypt_gui.exe
d:\leo's file\crypt_gui\crypt_gui_sol\debug\crypt_gui.pdb
d:\leo's file\crypt_gui\crypt_gui_sol\crypt_gui\debug\crypt_gui.tlog\cl.command.1.tlog
d:\leo's file\crypt_gui\crypt_gui_sol\crypt_gui\debug\crypt_gui.tlog\cl.read.1.tlog
d:\leo's file\crypt_gui\crypt_gui_sol\crypt_gui\debug\crypt_gui.tlog\cl.write.1.tlog
d:\leo's file\crypt_gui\crypt_gui_sol\crypt_gui\debug\crypt_gui.tlog\crypt_gui.write.1u.tlog
d:\leo's file\crypt_gui\crypt_gui_sol\crypt_gui\debug\crypt_gui.tlog\link.command.1.tlog
d:\leo's file\crypt_gui\crypt_gui_sol\crypt_gui\debug\crypt_gui.tlog\link.read.1.tlog
d:\leo's file\crypt_gui\crypt_gui_sol\crypt_gui\debug\crypt_gui.tlog\link.write.1.tlog
d:\leo's file\crypt_gui\crypt_gui_sol\crypt_gui\debug\crypt_gui.tlog\metagen.read.1.tlog
d:\leo's file\crypt_gui\crypt_gui_sol\crypt_gui\debug\crypt_gui.tlog\metagen.write.1.tlog
