d:\leo's file\crypt_gui\crypt_gui_sol\crypt_gui\release\vc142.pdb
d:\leo's file\crypt_gui\crypt_gui_sol\crypt_gui\release\.netframework,version=v4.7.2.assemblyattributes.obj
d:\leo's file\crypt_gui\crypt_gui_sol\crypt_gui\release\vcs.obj
d:\leo's file\crypt_gui\crypt_gui_sol\crypt_gui\release\pfcip.obj
d:\leo's file\crypt_gui\crypt_gui_sol\crypt_gui\release\myform.obj
d:\leo's file\crypt_gui\crypt_gui_sol\crypt_gui\release\hexreader.obj
d:\leo's file\crypt_gui\crypt_gui_sol\crypt_gui\release\hcip.obj
d:\leo's file\crypt_gui\crypt_gui_sol\crypt_gui\release\fvc.obj
d:\leo's file\crypt_gui\crypt_gui_sol\crypt_gui\release\evc.obj
d:\leo's file\crypt_gui\crypt_gui_sol\crypt_gui\release\ecip.obj
d:\leo's file\crypt_gui\crypt_gui_sol\crypt_gui\release\backend.obj
d:\leo's file\crypt_gui\crypt_gui_sol\crypt_gui\release\avc.obj
d:\leo's file\crypt_gui\crypt_gui_sol\crypt_gui\release\afc.obj
d:\leo's file\crypt_gui\crypt_gui_sol\crypt_gui\release\cryptgui.myform.resources
d:\leo's file\crypt_gui\crypt_gui_sol\crypt_gui\release\crypt_gui.vcxproj.generateresource.cache
d:\leo's file\crypt_gui\crypt_gui_sol\release\crypt_gui.pdb
d:\leo's file\crypt_gui\crypt_gui_sol\crypt_gui\release\crypt_gui.tlog\cl.command.1.tlog
d:\leo's file\crypt_gui\crypt_gui_sol\crypt_gui\release\crypt_gui.tlog\cl.read.1.tlog
d:\leo's file\crypt_gui\crypt_gui_sol\crypt_gui\release\crypt_gui.tlog\cl.write.1.tlog
d:\leo's file\crypt_gui\crypt_gui_sol\crypt_gui\release\crypt_gui.tlog\crypt_gui.write.1u.tlog
d:\leo's file\crypt_gui\crypt_gui_sol\crypt_gui\release\crypt_gui.tlog\link.5344-cvtres.read.1.tlog
d:\leo's file\crypt_gui\crypt_gui_sol\crypt_gui\release\crypt_gui.tlog\link.5344-cvtres.write.1.tlog
d:\leo's file\crypt_gui\crypt_gui_sol\crypt_gui\release\crypt_gui.tlog\link.5344-rc.read.1.tlog
d:\leo's file\crypt_gui\crypt_gui_sol\crypt_gui\release\crypt_gui.tlog\link.5344-rc.write.1.tlog
d:\leo's file\crypt_gui\crypt_gui_sol\crypt_gui\release\crypt_gui.tlog\link.5344.read.1.tlog
d:\leo's file\crypt_gui\crypt_gui_sol\crypt_gui\release\crypt_gui.tlog\link.5344.write.1.tlog
d:\leo's file\crypt_gui\crypt_gui_sol\crypt_gui\release\crypt_gui.tlog\link.command.1.tlog
d:\leo's file\crypt_gui\crypt_gui_sol\crypt_gui\release\crypt_gui.tlog\link.read.1.tlog
d:\leo's file\crypt_gui\crypt_gui_sol\crypt_gui\release\crypt_gui.tlog\link.write.1.tlog
d:\leo's file\crypt_gui\crypt_gui_sol\crypt_gui\release\crypt_gui.tlog\metagen.read.1.tlog
d:\leo's file\crypt_gui\crypt_gui_sol\crypt_gui\release\crypt_gui.tlog\metagen.write.1.tlog
